#
# There is insufficient memory for the Java Runtime Environment to continue.
# Native memory allocation (malloc) failed to allocate 8208 bytes for AllocateHeap
# Possible reasons:
#   The system is out of physical RAM or swap space
#   The process is running with CompressedOops enabled, and the Java Heap may be blocking the growth of the native heap
# Possible solutions:
#   Reduce memory load on the system
#   Increase physical memory or swap space
#   Check if swap backing store is full
#   Decrease Java heap size (-Xmx/-Xms)
#   Decrease number of Java threads
#   Decrease Java thread stack sizes (-Xss)
#   Set larger code cache with -XX:ReservedCodeCacheSize=
#   JVM is running with Unscaled Compressed Oops mode in which the Java heap is
#     placed in the first 4GB address space. The Java Heap base address is the
#     maximum limit for the native heap growth. Please use -XX:HeapBaseMinAddress
#     to set the Java Heap base and to place the Java Heap above 4GB virtual address.
# This output file may be truncated or incomplete.
#
#  Out of Memory Error (t:/workspace/open/src/hotspot/share/memory/allocation.cpp:46), pid=19808, tid=26312
#
# JRE version: OpenJDK Runtime Environment (11.0.2+9) (build 11.0.2+9)
# Java VM: OpenJDK 64-Bit Server VM (11.0.2+9, mixed mode, tiered, compressed oops, g1 gc, windows-amd64)
# No core dump will be written. Minidumps are not enabled by default on client versions of Windows
#

---------------  S U M M A R Y ------------

Command Line: -DwatchParentProcess=false -Xverify:none -Xmx64M org.eclipse.lemminx.XMLServerLauncher

Host: Intel(R) Core(TM) i7-8750H CPU @ 2.20GHz, 12 cores, 15G,  Windows 10 , 64 bit Build 19041 (10.0.19041.662)
Time: Thu Feb 18 12:39:29 2021 Paris, Madrid elapsed time: 0 seconds (0d 0h 0m 0s)

---------------  T H R E A D  ---------------

Current thread (0x000001f3210fe000):  JavaThread "pool-3-thread-1" [_thread_in_vm, id=26312, stack(0x0000007f0c400000,0x0000007f0c500000)]

Stack: [0x0000007f0c400000,0x0000007f0c500000]
Native frames: (J=compiled Java code, j=interpreted, Vv=VM code, C=native code)
V  [jvm.dll+0x63489a]
V  [jvm.dll+0x771f9f]
V  [jvm.dll+0x773648]
V  [jvm.dll+0x773d03]
V  [jvm.dll+0x25eba8]
V  [jvm.dll+0xb9bf4]
V  [jvm.dll+0x67fdca]
V  [jvm.dll+0x1e3b6c]
V  [jvm.dll+0x37bb42]
V  [jvm.dll+0x37827e]
V  [jvm.dll+0x377cf8]
V  [jvm.dll+0x3861ad]
C  0x000001f30dadf01d

Java frames: (J=compiled Java code, j=interpreted, Vv=VM code)
j  sun.util.locale.provider.CalendarProviderImpl.getInstance(Ljava/util/TimeZone;Ljava/util/Locale;)Ljava/util/Calendar;+0 java.base@11.0.2
j  java.util.Calendar.createCalendar(Ljava/util/TimeZone;Ljava/util/Locale;)Ljava/util/Calendar;+17 java.base@11.0.2
j  java.util.Calendar.getInstance(Ljava/util/Locale;)Ljava/util/Calendar;+5 java.base@11.0.2
j  java.text.SimpleDateFormat.initializeCalendar(Ljava/util/Locale;)V+27 java.base@11.0.2
j  java.text.SimpleDateFormat.<init>(Ljava/lang/String;Ljava/util/Locale;)V+43 java.base@11.0.2
j  org.eclipse.lemminx.logs.LSPClientLogHandler.formatRecord(Ljava/util/logging/LogRecord;Ljava/util/Locale;)Ljava/lang/String;+7
j  org.eclipse.lemminx.logs.LSPClientLogHandler.publish(Ljava/util/logging/LogRecord;)V+12
j  java.util.logging.Logger.log(Ljava/util/logging/LogRecord;)V+90 java.logging@11.0.2
j  java.util.logging.Logger.doLog(Ljava/util/logging/LogRecord;)V+46 java.logging@11.0.2
j  java.util.logging.Logger.log(Ljava/util/logging/Level;Ljava/lang/String;)V+21 java.logging@11.0.2
j  java.util.logging.Logger.info(Ljava/lang/String;)V+5 java.logging@11.0.2
j  org.eclipse.lemminx.XMLLanguageServer.initialize(Lorg/eclipse/lsp4j/InitializeParams;)Ljava/util/concurrent/CompletableFuture;+74
v  ~StubRoutines::call_stub
j  jdk.internal.reflect.NativeMethodAccessorImpl.invoke0(Ljava/lang/reflect/Method;Ljava/lang/Object;[Ljava/lang/Object;)Ljava/lang/Object;+0 java.base@11.0.2
j  jdk.internal.reflect.NativeMethodAccessorImpl.invoke(Ljava/lang/Object;[Ljava/lang/Object;)Ljava/lang/Object;+100 java.base@11.0.2
j  jdk.internal.reflect.DelegatingMethodAccessorImpl.invoke(Ljava/lang/Object;[Ljava/lang/Object;)Ljava/lang/Object;+6 java.base@11.0.2
j  java.lang.reflect.Method.invoke(Ljava/lang/Object;[Ljava/lang/Object;)Ljava/lang/Object;+59 java.base@11.0.2
j  org.eclipse.lsp4j.jsonrpc.services.GenericEndpoint.lambda$null$0(Lorg/eclipse/lsp4j/jsonrpc/services/AnnotationUtil$MethodInfo;Ljava/lang/Object;Ljava/lang/Object;)Ljava/util/concurrent/CompletableFuture;+20
j  org.eclipse.lsp4j.jsonrpc.services.GenericEndpoint$$Lambda$24.apply(Ljava/lang/Object;)Ljava/lang/Object;+13
j  org.eclipse.lsp4j.jsonrpc.services.GenericEndpoint.request(Ljava/lang/String;Ljava/lang/Object;)Ljava/util/concurrent/CompletableFuture;+18
j  org.eclipse.lsp4j.jsonrpc.RemoteEndpoint.handleRequest(Lorg/eclipse/lsp4j/jsonrpc/messages/RequestMessage;)V+12
j  org.eclipse.lsp4j.jsonrpc.RemoteEndpoint.consume(Lorg/eclipse/lsp4j/jsonrpc/messages/Message;)V+34
j  org.eclipse.lsp4j.jsonrpc.json.StreamMessageProducer.handleMessage(Ljava/io/InputStream;Lorg/eclipse/lsp4j/jsonrpc/json/StreamMessageProducer$Headers;)Z+99
j  org.eclipse.lsp4j.jsonrpc.json.StreamMessageProducer.listen(Lorg/eclipse/lsp4j/jsonrpc/MessageConsumer;)V+158
j  org.eclipse.lsp4j.jsonrpc.json.ConcurrentMessageProcessor.run()V+12
j  java.util.concurrent.Executors$RunnableAdapter.call()Ljava/lang/Object;+4 java.base@11.0.2
j  java.util.concurrent.FutureTask.run()V+39 java.base@11.0.2
j  java.util.concurrent.ThreadPoolExecutor.runWorker(Ljava/util/concurrent/ThreadPoolExecutor$Worker;)V+92 java.base@11.0.2
j  java.util.concurrent.ThreadPoolExecutor$Worker.run()V+5 java.base@11.0.2
j  java.lang.Thread.run()V+11 java.base@11.0.2
v  ~StubRoutines::call_stub

---------------  P R O C E S S  ---------------

Threads class SMR info:
_java_thread_list=0x000001f32147eb50, length=11, elements={
0x000001f320dd4800, 0x000001f320dde000, 0x000001f320e43000, 0x000001f320e45000,
0x000001f320e46800, 0x000001f320df2000, 0x000001f320df4800, 0x000001f3210f8800,
0x000001f321100800, 0x000001f3210fe000, 0x000001f305758800
}

Java Threads: ( => current thread )
  0x000001f320dd4800 JavaThread "Reference Handler" daemon [_thread_blocked, id=19792, stack(0x0000007f0ba00000,0x0000007f0bb00000)]
  0x000001f320dde000 JavaThread "Finalizer" daemon [_thread_blocked, id=11328, stack(0x0000007f0bb00000,0x0000007f0bc00000)]
  0x000001f320e43000 JavaThread "Signal Dispatcher" daemon [_thread_blocked, id=11204, stack(0x0000007f0bc00000,0x0000007f0bd00000)]
  0x000001f320e45000 JavaThread "Attach Listener" daemon [_thread_blocked, id=3312, stack(0x0000007f0bd00000,0x0000007f0be00000)]
  0x000001f320e46800 JavaThread "C2 CompilerThread0" daemon [_thread_blocked, id=8080, stack(0x0000007f0be00000,0x0000007f0bf00000)]
  0x000001f320df2000 JavaThread "C1 CompilerThread0" daemon [_thread_blocked, id=12732, stack(0x0000007f0bf00000,0x0000007f0c000000)]
  0x000001f320df4800 JavaThread "Sweeper thread" daemon [_thread_blocked, id=26036, stack(0x0000007f0c000000,0x0000007f0c100000)]
  0x000001f3210f8800 JavaThread "Service Thread" daemon [_thread_blocked, id=12808, stack(0x0000007f0c100000,0x0000007f0c200000)]
  0x000001f321100800 JavaThread "Common-Cleaner" daemon [_thread_blocked, id=26020, stack(0x0000007f0c300000,0x0000007f0c400000)]
=>0x000001f3210fe000 JavaThread "pool-3-thread-1" [_thread_in_vm, id=26312, stack(0x0000007f0c400000,0x0000007f0c500000)]
  0x000001f305758800 JavaThread "DestroyJavaVM" [_thread_blocked, id=19272, stack(0x0000007f0b300000,0x0000007f0b400000)]

Other Threads:
  0x000001f320db0800 VMThread "VM Thread" [stack: 0x0000007f0b900000,0x0000007f0ba00000] [id=16248]
  0x000001f3210fb000 WatcherThread [stack: 0x0000007f0c200000,0x0000007f0c300000] [id=21600]
  0x000001f30576f800 GCTaskThread "GC Thread#0" [stack: 0x0000007f0b400000,0x0000007f0b500000] [id=12396]
  0x000001f3214b0800 GCTaskThread "GC Thread#1" [stack: 0x0000007f0c500000,0x0000007f0c600000] [id=14032]
  0x000001f3214b5000 GCTaskThread "GC Thread#2" [stack: 0x0000007f0c600000,0x0000007f0c700000] [id=21536]
  0x000001f3214b5800 GCTaskThread "GC Thread#3" [stack: 0x0000007f0c700000,0x0000007f0c800000] [id=9440]
  0x000001f30577a000 ConcurrentGCThread "G1 Main Marker" [stack: 0x0000007f0b500000,0x0000007f0b600000] [id=24524]
  0x000001f30577b000 ConcurrentGCThread "G1 Conc#0" [stack: 0x0000007f0b600000,0x0000007f0b700000] [id=572]
  0x000001f3213a9000 ConcurrentGCThread "G1 Conc#1" [stack: 0x0000007f0c800000,0x0000007f0c900000] [id=20120]
  0x000001f32149c000 ConcurrentGCThread "G1 Conc#2" [stack: 0x0000007f0c900000,0x0000007f0ca00000] [id=20708]
  0x000001f3057e8800 ConcurrentGCThread "G1 Refine#0" [stack: 0x0000007f0b700000,0x0000007f0b800000] [id=23920]
  0x000001f3057e9800 ConcurrentGCThread "G1 Young RemSet Sampling" [stack: 0x0000007f0b800000,0x0000007f0b900000] [id=1236]

Threads with active compile tasks:
C2 CompilerThread0 779       4       java.util.HashMap::putVal (300 bytes)
C1 CompilerThread0 777       3       java.util.StringTokenizer::skipDelimiters (116 bytes)

VM state:synchronizing (normal execution)

VM Mutex/Monitor currently owned by a thread:  ([mutex/lock_event])
[0x000001f3057528b0] Threads_lock - owner thread: 0x000001f320db0800

Heap address: 0x00000000fc000000, size: 64 MB, Compressed Oops mode: 32-bit
Narrow klass base: 0x0000000000000000, Narrow klass shift: 3
Compressed class space size: 1073741824 Address: 0x0000000100000000

Heap:
 garbage-first heap   total 65536K, used 3007K [0x00000000fc000000, 0x0000000100000000)
  region size 1024K, 3 young (3072K), 2 survivors (2048K)
 Metaspace       used 11432K, capacity 11687K, committed 12032K, reserved 1067008K
  class space    used 1117K, capacity 1166K, committed 1280K, reserved 1048576K
Heap Regions: E=young(eden), S=young(survivor), O=old, HS=humongous(starts), HC=humongous(continues), CS=collection set, F=free, A=archive, TAMS=top-at-mark-start (previous, next)
|   0|0x00000000fc000000, 0x00000000fc100000, 0x00000000fc100000|100%|HS|  |TAMS 0x00000000fc000000, 0x00000000fc100000| Complete 
|   1|0x00000000fc100000, 0x00000000fc100000, 0x00000000fc200000|  0%| F|  |TAMS 0x00000000fc100000, 0x00000000fc100000| Untracked 
|   2|0x00000000fc200000, 0x00000000fc200000, 0x00000000fc300000|  0%| F|  |TAMS 0x00000000fc200000, 0x00000000fc200000| Untracked 
|   3|0x00000000fc300000, 0x00000000fc300000, 0x00000000fc400000|  0%| F|  |TAMS 0x00000000fc300000, 0x00000000fc300000| Untracked 
|   4|0x00000000fc400000, 0x00000000fc400000, 0x00000000fc500000|  0%| F|  |TAMS 0x00000000fc400000, 0x00000000fc400000| Untracked 
|   5|0x00000000fc500000, 0x00000000fc500000, 0x00000000fc600000|  0%| F|  |TAMS 0x00000000fc500000, 0x00000000fc500000| Untracked 
|   6|0x00000000fc600000, 0x00000000fc600000, 0x00000000fc700000|  0%| F|  |TAMS 0x00000000fc600000, 0x00000000fc600000| Untracked 
|   7|0x00000000fc700000, 0x00000000fc700000, 0x00000000fc800000|  0%| F|  |TAMS 0x00000000fc700000, 0x00000000fc700000| Untracked 
|   8|0x00000000fc800000, 0x00000000fc800000, 0x00000000fc900000|  0%| F|  |TAMS 0x00000000fc800000, 0x00000000fc800000| Untracked 
|   9|0x00000000fc900000, 0x00000000fc900000, 0x00000000fca00000|  0%| F|  |TAMS 0x00000000fc900000, 0x00000000fc900000| Untracked 
|  10|0x00000000fca00000, 0x00000000fca00000, 0x00000000fcb00000|  0%| F|  |TAMS 0x00000000fca00000, 0x00000000fca00000| Untracked 
|  11|0x00000000fcb00000, 0x00000000fcb00000, 0x00000000fcc00000|  0%| F|  |TAMS 0x00000000fcb00000, 0x00000000fcb00000| Untracked 
|  12|0x00000000fcc00000, 0x00000000fcc00000, 0x00000000fcd00000|  0%| F|  |TAMS 0x00000000fcc00000, 0x00000000fcc00000| Untracked 
|  13|0x00000000fcd00000, 0x00000000fcd00000, 0x00000000fce00000|  0%| F|  |TAMS 0x00000000fcd00000, 0x00000000fcd00000| Untracked 
|  14|0x00000000fce00000, 0x00000000fce00000, 0x00000000fcf00000|  0%| F|  |TAMS 0x00000000fce00000, 0x00000000fce00000| Untracked 
|  15|0x00000000fcf00000, 0x00000000fcf00000, 0x00000000fd000000|  0%| F|  |TAMS 0x00000000fcf00000, 0x00000000fcf00000| Untracked 
|  16|0x00000000fd000000, 0x00000000fd000000, 0x00000000fd100000|  0%| F|  |TAMS 0x00000000fd000000, 0x00000000fd000000| Untracked 
|  17|0x00000000fd100000, 0x00000000fd100000, 0x00000000fd200000|  0%| F|  |TAMS 0x00000000fd100000, 0x00000000fd100000| Untracked 
|  18|0x00000000fd200000, 0x00000000fd200000, 0x00000000fd300000|  0%| F|  |TAMS 0x00000000fd200000, 0x00000000fd200000| Untracked 
|  19|0x00000000fd300000, 0x00000000fd300000, 0x00000000fd400000|  0%| F|  |TAMS 0x00000000fd300000, 0x00000000fd300000| Untracked 
|  20|0x00000000fd400000, 0x00000000fd400000, 0x00000000fd500000|  0%| F|  |TAMS 0x00000000fd400000, 0x00000000fd400000| Untracked 
|  21|0x00000000fd500000, 0x00000000fd500000, 0x00000000fd600000|  0%| F|  |TAMS 0x00000000fd500000, 0x00000000fd500000| Untracked 
|  22|0x00000000fd600000, 0x00000000fd600000, 0x00000000fd700000|  0%| F|  |TAMS 0x00000000fd600000, 0x00000000fd600000| Untracked 
|  23|0x00000000fd700000, 0x00000000fd700000, 0x00000000fd800000|  0%| F|  |TAMS 0x00000000fd700000, 0x00000000fd700000| Untracked 
|  24|0x00000000fd800000, 0x00000000fd800000, 0x00000000fd900000|  0%| F|  |TAMS 0x00000000fd800000, 0x00000000fd800000| Untracked 
|  25|0x00000000fd900000, 0x00000000fd900000, 0x00000000fda00000|  0%| F|  |TAMS 0x00000000fd900000, 0x00000000fd900000| Untracked 
|  26|0x00000000fda00000, 0x00000000fda00000, 0x00000000fdb00000|  0%| F|  |TAMS 0x00000000fda00000, 0x00000000fda00000| Untracked 
|  27|0x00000000fdb00000, 0x00000000fdb00000, 0x00000000fdc00000|  0%| F|  |TAMS 0x00000000fdb00000, 0x00000000fdb00000| Untracked 
|  28|0x00000000fdc00000, 0x00000000fdc00000, 0x00000000fdd00000|  0%| F|  |TAMS 0x00000000fdc00000, 0x00000000fdc00000| Untracked 
|  29|0x00000000fdd00000, 0x00000000fdd00000, 0x00000000fde00000|  0%| F|  |TAMS 0x00000000fdd00000, 0x00000000fdd00000| Untracked 
|  30|0x00000000fde00000, 0x00000000fde00000, 0x00000000fdf00000|  0%| F|  |TAMS 0x00000000fde00000, 0x00000000fde00000| Untracked 
|  31|0x00000000fdf00000, 0x00000000fdf00000, 0x00000000fe000000|  0%| F|  |TAMS 0x00000000fdf00000, 0x00000000fdf00000| Untracked 
|  32|0x00000000fe000000, 0x00000000fe000000, 0x00000000fe100000|  0%| F|  |TAMS 0x00000000fe000000, 0x00000000fe000000| Untracked 
|  33|0x00000000fe100000, 0x00000000fe100000, 0x00000000fe200000|  0%| F|  |TAMS 0x00000000fe100000, 0x00000000fe100000| Untracked 
|  34|0x00000000fe200000, 0x00000000fe200000, 0x00000000fe300000|  0%| F|  |TAMS 0x00000000fe200000, 0x00000000fe200000| Untracked 
|  35|0x00000000fe300000, 0x00000000fe300000, 0x00000000fe400000|  0%| F|  |TAMS 0x00000000fe300000, 0x00000000fe300000| Untracked 
|  36|0x00000000fe400000, 0x00000000fe400000, 0x00000000fe500000|  0%| F|  |TAMS 0x00000000fe400000, 0x00000000fe400000| Untracked 
|  37|0x00000000fe500000, 0x00000000fe500000, 0x00000000fe600000|  0%| F|  |TAMS 0x00000000fe500000, 0x00000000fe500000| Untracked 
|  38|0x00000000fe600000, 0x00000000fe600000, 0x00000000fe700000|  0%| F|  |TAMS 0x00000000fe600000, 0x00000000fe600000| Untracked 
|  39|0x00000000fe700000, 0x00000000fe700000, 0x00000000fe800000|  0%| F|  |TAMS 0x00000000fe700000, 0x00000000fe700000| Untracked 
|  40|0x00000000fe800000, 0x00000000fe800000, 0x00000000fe900000|  0%| F|  |TAMS 0x00000000fe800000, 0x00000000fe800000| Untracked 
|  41|0x00000000fe900000, 0x00000000fe900000, 0x00000000fea00000|  0%| F|  |TAMS 0x00000000fe900000, 0x00000000fe900000| Untracked 
|  42|0x00000000fea00000, 0x00000000fea00000, 0x00000000feb00000|  0%| F|  |TAMS 0x00000000fea00000, 0x00000000fea00000| Untracked 
|  43|0x00000000feb00000, 0x00000000feb00000, 0x00000000fec00000|  0%| F|  |TAMS 0x00000000feb00000, 0x00000000feb00000| Untracked 
|  44|0x00000000fec00000, 0x00000000fec00000, 0x00000000fed00000|  0%| F|  |TAMS 0x00000000fec00000, 0x00000000fec00000| Untracked 
|  45|0x00000000fed00000, 0x00000000fed00000, 0x00000000fee00000|  0%| F|  |TAMS 0x00000000fed00000, 0x00000000fed00000| Untracked 
|  46|0x00000000fee00000, 0x00000000fee00000, 0x00000000fef00000|  0%| F|  |TAMS 0x00000000fee00000, 0x00000000fee00000| Untracked 
|  47|0x00000000fef00000, 0x00000000fef00000, 0x00000000ff000000|  0%| F|  |TAMS 0x00000000fef00000, 0x00000000fef00000| Untracked 
|  48|0x00000000ff000000, 0x00000000ff000000, 0x00000000ff100000|  0%| F|  |TAMS 0x00000000ff000000, 0x00000000ff000000| Untracked 
|  49|0x00000000ff100000, 0x00000000ff100000, 0x00000000ff200000|  0%| F|  |TAMS 0x00000000ff100000, 0x00000000ff100000| Untracked 
|  50|0x00000000ff200000, 0x00000000ff200000, 0x00000000ff300000|  0%| F|  |TAMS 0x00000000ff200000, 0x00000000ff200000| Untracked 
|  51|0x00000000ff300000, 0x00000000ff3efca8, 0x00000000ff400000| 93%| S|CS|TAMS 0x00000000ff300000, 0x00000000ff300000| Complete 
|  52|0x00000000ff400000, 0x00000000ff500000, 0x00000000ff500000|100%| S|CS|TAMS 0x00000000ff400000, 0x00000000ff400000| Complete 
|  53|0x00000000ff500000, 0x00000000ff500000, 0x00000000ff600000|  0%| F|  |TAMS 0x00000000ff500000, 0x00000000ff500000| Untracked 
|  54|0x00000000ff600000, 0x00000000ff600000, 0x00000000ff700000|  0%| F|  |TAMS 0x00000000ff600000, 0x00000000ff600000| Untracked 
|  55|0x00000000ff700000, 0x00000000ff700000, 0x00000000ff800000|  0%| F|  |TAMS 0x00000000ff700000, 0x00000000ff700000| Untracked 
|  56|0x00000000ff800000, 0x00000000ff800000, 0x00000000ff900000|  0%| F|  |TAMS 0x00000000ff800000, 0x00000000ff800000| Untracked 
|  57|0x00000000ff900000, 0x00000000ff900000, 0x00000000ffa00000|  0%| F|  |TAMS 0x00000000ff900000, 0x00000000ff900000| Untracked 
|  58|0x00000000ffa00000, 0x00000000ffa00000, 0x00000000ffb00000|  0%| F|  |TAMS 0x00000000ffa00000, 0x00000000ffa00000| Untracked 
|  59|0x00000000ffb00000, 0x00000000ffb00000, 0x00000000ffc00000|  0%| F|  |TAMS 0x00000000ffb00000, 0x00000000ffb00000| Untracked 
|  60|0x00000000ffc00000, 0x00000000ffc00000, 0x00000000ffd00000|  0%| F|  |TAMS 0x00000000ffc00000, 0x00000000ffc00000| Untracked 
|  61|0x00000000ffd00000, 0x00000000ffd00000, 0x00000000ffe00000|  0%| F|  |TAMS 0x00000000ffd00000, 0x00000000ffd00000| Untracked 
|  62|0x00000000ffe00000, 0x00000000ffe00000, 0x00000000fff00000|  0%| F|  |TAMS 0x00000000ffe00000, 0x00000000ffe00000| Untracked 
|  63|0x00000000fff00000, 0x00000000fff80000, 0x0000000100000000| 50%| E|  |TAMS 0x00000000fff00000, 0x00000000fff00000| Complete 

Card table byte_map: [0x000001f31d770000,0x000001f31d790000] _byte_map_base: 0x000001f31cf90000

Marking Bits (Prev, Next): (CMBitMap*) 0x000001f305778c28, (CMBitMap*) 0x000001f305778c60
 Prev Bits: [0x000001f31d7b0000, 0x000001f31d8b0000)
 Next Bits: [0x000001f31d8b0000, 0x000001f31d9b0000)

Polling page: 0x000001f305840000

Metaspace:

Usage:
  Non-class:     10.27 MB capacity,    10.07 MB ( 98%) used,   193.09 KB (  2%) free+waste,    13.13 KB ( <1%) overhead. 
      Class:      1.14 MB capacity,     1.09 MB ( 96%) used,    42.41 KB (  4%) free+waste,     5.69 KB ( <1%) overhead. 
       Both:     11.41 MB capacity,    11.16 MB ( 98%) used,   235.50 KB (  2%) free+waste,    18.81 KB ( <1%) overhead. 

Virtual space:
  Non-class space:       18.00 MB reserved,      10.50 MB ( 58%) committed 
      Class space:        1.00 GB reserved,       1.25 MB ( <1%) committed 
             Both:        1.02 GB reserved,      11.75 MB (  1%) committed 

Chunk freelists:
   Non-Class:  4.88 KB
       Class:  2.25 KB
        Both:  7.13 KB

CodeHeap 'non-profiled nmethods': size=120000Kb used=212Kb max_used=212Kb free=119787Kb
 bounds [0x000001f315590000, 0x000001f315800000, 0x000001f31cac0000]
CodeHeap 'profiled nmethods': size=120000Kb used=1339Kb max_used=1339Kb free=118661Kb
 bounds [0x000001f30e060000, 0x000001f30e2d0000, 0x000001f315590000]
CodeHeap 'non-nmethods': size=5760Kb used=1075Kb max_used=1082Kb free=4684Kb
 bounds [0x000001f30dac0000, 0x000001f30dd30000, 0x000001f30e060000]
 total_blobs=1283 nmethods=774 adapters=286
 compilation: enabled
              stopped_count=0, restarted_count=0
 full_count=0

Compilation events (10 events):
Event: 0.852 Thread 0x000001f320df2000  770       3       sun.util.calendar.ZoneInfoFile$Checksum::update (39 bytes)
Event: 0.852 Thread 0x000001f320df2000 nmethod 770 0x000001f30e1aac10 code [0x000001f30e1aade0, 0x000001f30e1ab1b0]
Event: 0.853 Thread 0x000001f320df2000  773       3       sun.util.locale.LocaleUtils::isUpper (18 bytes)
Event: 0.853 Thread 0x000001f320df2000 nmethod 773 0x000001f30e1ab290 code [0x000001f30e1ab440, 0x000001f30e1ab618]
Event: 0.855 Thread 0x000001f320df2000  774       3       java.lang.StringLatin1::replace (196 bytes)
Event: 0.857 Thread 0x000001f320df2000 nmethod 774 0x000001f30e1ab690 code [0x000001f30e1ab900, 0x000001f30e1ac5c0]
Event: 0.857 Thread 0x000001f320df2000  775       3       java.util.StringTokenizer::scanToken (179 bytes)
Event: 0.858 Thread 0x000001f320e46800  779       4       java.util.HashMap::putVal (300 bytes)
Event: 0.868 Thread 0x000001f320df2000 nmethod 775 0x000001f30e1aca10 code [0x000001f30e1acda0, 0x000001f30e1ae400]
Event: 0.868 Thread 0x000001f320df2000  777       3       java.util.StringTokenizer::skipDelimiters (116 bytes)

GC Heap History (2 events):
Event: 0.859 GC heap before
{Heap before GC invocations=0 (full 0):
 garbage-first heap   total 65536K, used 11264K [0x00000000fc000000, 0x0000000100000000)
  region size 1024K, 11 young (11264K), 0 survivors (0K)
 Metaspace       used 11430K, capacity 11623K, committed 11776K, reserved 1067008K
  class space    used 1117K, capacity 1166K, committed 1280K, reserved 1048576K
}
Event: 0.867 GC heap after
{Heap after GC invocations=1 (full 0):
 garbage-first heap   total 65536K, used 3007K [0x00000000fc000000, 0x0000000100000000)
  region size 1024K, 2 young (2048K), 2 survivors (2048K)
 Metaspace       used 11430K, capacity 11623K, committed 11776K, reserved 1067008K
  class space    used 1117K, capacity 1166K, committed 1280K, reserved 1048576K
}

Deoptimization events (5 events):
Event: 0.186 Thread 0x000001f305758800 Uncommon trap: reason=unstable_if action=reinterpret pc=0x000001f315594df0 method=java.lang.String.hashCode()I @ 14 c2
Event: 0.731 Thread 0x000001f3210fe000 Uncommon trap: reason=bimorphic_or_optimized_type_check action=maybe_recompile pc=0x000001f3155bcb80 method=java.util.HashMap.getNode(ILjava/lang/Object;)Ljava/util/HashMap$Node; @ 59 c2
Event: 0.732 Thread 0x000001f3210fe000 Uncommon trap: reason=bimorphic_or_optimized_type_check action=maybe_recompile pc=0x000001f3155bcb80 method=java.util.HashMap.getNode(ILjava/lang/Object;)Ljava/util/HashMap$Node; @ 59 c2
Event: 0.819 Thread 0x000001f3210fe000 Uncommon trap: reason=unstable_if action=reinterpret pc=0x000001f3155b567c method=java.lang.StringLatin1.replace([BCC)Ljava/lang/String; @ 19 c2
Event: 0.822 Thread 0x000001f3210fe000 Uncommon trap: reason=bimorphic_or_optimized_type_check action=maybe_recompile pc=0x000001f3155bcb80 method=java.util.HashMap.getNode(ILjava/lang/Object;)Ljava/util/HashMap$Node; @ 59 c2

Classes redefined (0 events):
No events

Internal exceptions (1 events):
Event: 0.623 Thread 0x000001f305758800 Exception <a 'java/lang/NoSuchMethodError'{0x00000000ff9eea80}: java.lang.invoke.DirectMethodHandle$Holder.invokeSpecial(Ljava/lang/Object;Ljava/lang/Object;Ljava/lang/Object;Ljava/lang/Object;)V> (0x00000000ff9eea80) thrown at [t:/workspace/open/src/hots

Events (10 events):
Event: 0.857 loading class sun/util/locale/provider/CalendarProviderImpl
Event: 0.857 loading class sun/util/locale/provider/AvailableLanguageTags
Event: 0.857 loading class sun/util/locale/provider/AvailableLanguageTags done
Event: 0.857 loading class sun/util/locale/provider/CalendarProviderImpl done
Event: 0.857 loading class java/util/StringTokenizer
Event: 0.857 loading class java/util/StringTokenizer done
Event: 0.858 loading class java/util/Calendar$Builder
Event: 0.859 loading class java/util/Calendar$Builder done
Event: 0.859 Executing VM operation: CollectForMetadataAllocation
Event: 0.867 Executing VM operation: CollectForMetadataAllocation done


Dynamic libraries:
0x00007ff79bf50000 - 0x00007ff79bf95000 	D:\Bazard\openjdk-11.0.2\bin\java.exe
0x00007ffe9f4b0000 - 0x00007ffe9f6a6000 	C:\WINDOWS\SYSTEM32\ntdll.dll
0x00007ffe9d970000 - 0x00007ffe9da2d000 	C:\WINDOWS\System32\KERNEL32.DLL
0x00007ffe9cc70000 - 0x00007ffe9cf39000 	C:\WINDOWS\System32\KERNELBASE.dll
0x00007ffe9f2a0000 - 0x00007ffe9f440000 	C:\WINDOWS\System32\USER32.dll
0x00007ffe9d2e0000 - 0x00007ffe9d302000 	C:\WINDOWS\System32\win32u.dll
0x00007ffe9d510000 - 0x00007ffe9d53a000 	C:\WINDOWS\System32\GDI32.dll
0x00007ffe9d1d0000 - 0x00007ffe9d2db000 	C:\WINDOWS\System32\gdi32full.dll
0x00007ffe9d0a0000 - 0x00007ffe9d13d000 	C:\WINDOWS\System32\msvcp_win.dll
0x00007ffe9d310000 - 0x00007ffe9d410000 	C:\WINDOWS\System32\ucrtbase.dll
0x00007ffe9c000000 - 0x00007ffe9c29b000 	C:\WINDOWS\WinSxS\amd64_microsoft.windows.common-controls_6595b64144ccf1df_6.0.19041.746_none_ca02b4b61b8320a4\COMCTL32.dll
0x00007ffe9d860000 - 0x00007ffe9d8fe000 	C:\WINDOWS\System32\msvcrt.dll
0x00007ffe9f440000 - 0x00007ffe9f470000 	C:\WINDOWS\System32\IMM32.DLL
0x00007ffe84470000 - 0x00007ffe84486000 	D:\Bazard\openjdk-11.0.2\bin\vcruntime140.dll
0x00007ffe69b30000 - 0x00007ffe69bda000 	D:\Bazard\openjdk-11.0.2\bin\msvcp140.dll
0x00007ffe3c310000 - 0x00007ffe3ce33000 	D:\Bazard\openjdk-11.0.2\bin\server\jvm.dll
0x00007ffe9ece0000 - 0x00007ffe9ed8c000 	C:\WINDOWS\System32\ADVAPI32.dll
0x00007ffe9d7c0000 - 0x00007ffe9d85c000 	C:\WINDOWS\System32\sechost.dll
0x00007ffe9de60000 - 0x00007ffe9df8b000 	C:\WINDOWS\System32\RPCRT4.dll
0x00007ffe9d6d0000 - 0x00007ffe9d6d8000 	C:\WINDOWS\System32\PSAPI.DLL
0x00007ffe9a1d0000 - 0x00007ffe9a1d9000 	C:\WINDOWS\SYSTEM32\WSOCK32.dll
0x00007ffe95dc0000 - 0x00007ffe95dca000 	C:\WINDOWS\SYSTEM32\VERSION.dll
0x00007ffe8db80000 - 0x00007ffe8dba7000 	C:\WINDOWS\SYSTEM32\WINMM.dll
0x00007ffe9d900000 - 0x00007ffe9d96b000 	C:\WINDOWS\System32\WS2_32.dll
0x00007ffe9aeb0000 - 0x00007ffe9aec2000 	C:\WINDOWS\SYSTEM32\kernel.appcore.dll
0x00007ffe81cb0000 - 0x00007ffe81cc1000 	D:\Bazard\openjdk-11.0.2\bin\verify.dll
0x00007ffe9c610000 - 0x00007ffe9c7f4000 	C:\WINDOWS\SYSTEM32\DBGHELP.DLL
0x00007ffe81d30000 - 0x00007ffe81d5c000 	C:\WINDOWS\SYSTEM32\dbgcore.DLL
0x00007ffe9cbf0000 - 0x00007ffe9cc70000 	C:\WINDOWS\System32\bcryptPrimitives.dll
0x00007ffe77e30000 - 0x00007ffe77e58000 	D:\Bazard\openjdk-11.0.2\bin\java.dll
0x00007ffe77e10000 - 0x00007ffe77e26000 	D:\Bazard\openjdk-11.0.2\bin\zip.dll
0x00007ffe9a0e0000 - 0x00007ffe9a0ea000 	D:\Bazard\openjdk-11.0.2\bin\jimage.dll
0x00007ffe9df90000 - 0x00007ffe9e6d3000 	C:\WINDOWS\System32\SHELL32.dll
0x00007ffe9a600000 - 0x00007ffe9ad8f000 	C:\WINDOWS\SYSTEM32\windows.storage.dll
0x00007ffe9ed90000 - 0x00007ffe9f0e6000 	C:\WINDOWS\System32\combase.dll
0x00007ffe9bf60000 - 0x00007ffe9bf8c000 	C:\WINDOWS\SYSTEM32\Wldp.dll
0x00007ffe9ec30000 - 0x00007ffe9ecde000 	C:\WINDOWS\System32\SHCORE.dll
0x00007ffe9db00000 - 0x00007ffe9db55000 	C:\WINDOWS\System32\shlwapi.dll
0x00007ffe9cb20000 - 0x00007ffe9cb46000 	C:\WINDOWS\SYSTEM32\profapi.dll
0x00007ffe72e80000 - 0x00007ffe72e99000 	D:\Bazard\openjdk-11.0.2\bin\net.dll
0x00007ffe8d3d0000 - 0x00007ffe8d4d0000 	C:\WINDOWS\SYSTEM32\WINHTTP.dll
0x00007ffe8cc30000 - 0x00007ffe8ce1d000 	C:\WINDOWS\SYSTEM32\urlmon.dll
0x00007ffe90a90000 - 0x00007ffe90d40000 	C:\WINDOWS\SYSTEM32\iertutil.dll
0x00007ffe9be40000 - 0x00007ffe9beaa000 	C:\WINDOWS\system32\mswsock.dll
0x00007ffe70e20000 - 0x00007ffe70e33000 	D:\Bazard\openjdk-11.0.2\bin\nio.dll

dbghelp: loaded successfully - version: 4.0.5 - missing functions: none
symbol engine: initialized successfully - sym options: 0x614 - pdb path: .;D:\Bazard\openjdk-11.0.2\bin;C:\WINDOWS\SYSTEM32;C:\WINDOWS\WinSxS\amd64_microsoft.windows.common-controls_6595b64144ccf1df_6.0.19041.746_none_ca02b4b61b8320a4;D:\Bazard\openjdk-11.0.2\bin\server

VM Arguments:
jvm_args: -DwatchParentProcess=false -Xverify:none -Xmx64M 
java_command: org.eclipse.lemminx.XMLServerLauncher
java_class_path (initial): c:\Users\MrYo-Yo\.vscode\extensions\redhat.vscode-xml-0.15.0\server\org.eclipse.lemminx-0.15.0-uber.jar
Launcher Type: SUN_STANDARD

[Global flags]
     bool BytecodeVerificationLocal                = false                                     {product} {command line}
     bool BytecodeVerificationRemote               = false                                     {product} {command line}
     intx CICompilerCount                          = 4                                         {product} {ergonomic}
     uint ConcGCThreads                            = 3                                         {product} {ergonomic}
     uint G1ConcRefinementThreads                  = 10                                        {product} {ergonomic}
   size_t G1HeapRegionSize                         = 1048576                                   {product} {ergonomic}
    uintx GCDrainStackTargetSize                   = 64                                        {product} {ergonomic}
   size_t InitialHeapSize                          = 67108864                                  {product} {ergonomic}
   size_t MarkStackSize                            = 4194304                                   {product} {ergonomic}
   size_t MaxHeapSize                              = 67108864                                  {product} {command line}
   size_t MaxNewSize                               = 39845888                                  {product} {ergonomic}
   size_t MinHeapDeltaBytes                        = 1048576                                   {product} {ergonomic}
    uintx NonNMethodCodeHeapSize                   = 5835340                                {pd product} {ergonomic}
    uintx NonProfiledCodeHeapSize                  = 122911450                              {pd product} {ergonomic}
    uintx ProfiledCodeHeapSize                     = 122911450                              {pd product} {ergonomic}
    uintx ReservedCodeCacheSize                    = 251658240                              {pd product} {ergonomic}
     bool SegmentedCodeCache                       = true                                      {product} {ergonomic}
     bool UseCompressedClassPointers               = true                                 {lp64_product} {ergonomic}
     bool UseCompressedOops                        = true                                 {lp64_product} {ergonomic}
     bool UseG1GC                                  = true                                      {product} {ergonomic}
     bool UseLargePagesIndividualAllocation        = false                                  {pd product} {ergonomic}

Logging:
Log output configuration:
 #0: stdout all=warning uptime,level,tags
 #1: stderr all=off uptime,level,tags

Environment Variables:
JAVA_HOME=D:\Bazard\openjdk-11.0.2\
PATH=C:\Program Files (x86)\Common Files\Oracle\Java\javapath;C:\Program Files (x86)\Python37-32\Scripts\;C:\Program Files (x86)\Python37-32\;C:\Program Files (x86)\Intel\Intel(R) Management Engine Components\iCLS\;C:\Program Files\Intel\Intel(R) Management Engine Components\iCLS\;C:\Windows\system32;C:\Windows;C:\Windows\System32\Wbem;C:\Windows\System32\WindowsPowerShell\v1.0\;C:\Windows\System32\OpenSSH\;C:\Program Files\Intel\WiFi\bin\;C:\Program Files\Common Files\Intel\WirelessCommon\;C:\Program Files (x86)\Intel\Intel(R) Management Engine Components\DAL;C:\Program Files\Intel\Intel(R) Management Engine Components\DAL;C:\Program Files (x86)\Intel\Intel(R) Management Engine Components\IPT;C:\Program Files\Intel\Intel(R) Management Engine Components\IPT;C:\Program Files (x86)\NVIDIA Corporation\PhysX\Common;D:\Bazard\iperf-3.1.3-win64;D:\Bazard\nmap-7.80;C:\Program Files\Git\cmd;C:\WINDOWS\system32;C:\WINDOWS;C:\WINDOWS\System32\Wbem;C:\WINDOWS\System32\WindowsPowerShell\v1.0\;C:\WINDOWS\System32\OpenSSH\;D:\Bazard\openjdk-11.0.2\bin;C:\Program Files\Microsoft SQL Server\130\Tools\Binn\;C:\Program Files\Microsoft SQL Server\Client SDK\ODBC\170\Tools\Binn\;C:\Program Files\dotnet\;C:\Program Files\nodejs\;C:\Users\MrYo-Yo\AppData\Local\Microsoft\WindowsApps;C:\Program Files\Intel\WiFi\bin\;C:\Program Files\Common Files\Intel\WirelessCommon\;C:\Users\MrYo-Yo\AppData\Local\Microsoft\WindowsApps;C:\Users\MrYo-Yo\.dotnet\tools;C:\Users\MrYo-Yo\AppData\Roaming\npm;D:\Bazard\Android-Studio-SDK\platform-tools;
USERNAME=MrYo-Yo
OS=Windows_NT
PROCESSOR_IDENTIFIER=Intel64 Family 6 Model 158 Stepping 10, GenuineIntel



---------------  S Y S T E M  ---------------

OS: Windows 10 , 64 bit Build 19041 (10.0.19041.662)

CPU:total 12 (initial active 12) (6 cores per cpu, 2 threads per core) family 6 model 158 stepping 10, cmov, cx8, fxsr, mmx, sse, sse2, sse3, ssse3, sse4.1, sse4.2, popcnt, avx, avx2, aes, clmul, erms, 3dnowpref, lzcnt, ht, tsc, tscinvbit, bmi1, bmi2, adx, fma

Memory: 4k page, system-wide physical 16306M (3043M free)
TotalPageFile size 24306M (AvailPageFile size 6M)
current process WorkingSet (physical memory assigned to process): 53M, peak: 53M
current process commit charge ("private bytes"): 151M, peak: 151M

vm_info: OpenJDK 64-Bit Server VM (11.0.2+9) for windows-amd64 JRE (11.0.2+9), built on Jan 18 2019 05:23:22 by "mach5one" with MS VC++ 15.5 (VS2017)

END.
